1384201175|2013-11-11 20:19:35|Warning: disk_free_space() [<a href='function.disk-free-space'>function.disk-free-space</a>]: open_basedir restriction in effect. File(/) is not within the allowed path(s): (/home/:/usr/lib/php:/tmp); /inc/main.php:210;
1384201175|2013-11-11 20:19:35|Warning: disk_total_space() [<a href='function.disk-total-space'>function.disk-total-space</a>]: open_basedir restriction in effect. File(/) is not within the allowed path(s): (/home/:/usr/lib/php:/tmp); /inc/main.php:210;
1384201175|2013-11-11 20:19:35|Warning: Division by zero; /inc/main.php:210;
1384201216|2013-11-11 20:20:16|Warning: func_get_arg():  Argument 3 not passed to function; /core/core.php:2085;
1384201223|2013-11-11 20:20:23|Warning: disk_free_space() [<a href='function.disk-free-space'>function.disk-free-space</a>]: open_basedir restriction in effect. File(/) is not within the allowed path(s): (/home/:/usr/lib/php:/tmp); /inc/main.php:210;
1384201223|2013-11-11 20:20:23|Warning: disk_total_space() [<a href='function.disk-total-space'>function.disk-total-space</a>]: open_basedir restriction in effect. File(/) is not within the allowed path(s): (/home/:/usr/lib/php:/tmp); /inc/main.php:210;
1384201223|2013-11-11 20:20:23|Warning: Division by zero; /inc/main.php:210;
1384201293|2013-11-11 20:21:33|Warning: disk_free_space() [<a href='function.disk-free-space'>function.disk-free-space</a>]: open_basedir restriction in effect. File(/) is not within the allowed path(s): (/home/:/usr/lib/php:/tmp); /inc/main.php:210;
1384201293|2013-11-11 20:21:33|Warning: disk_total_space() [<a href='function.disk-total-space'>function.disk-total-space</a>]: open_basedir restriction in effect. File(/) is not within the allowed path(s): (/home/:/usr/lib/php:/tmp); /inc/main.php:210;
1384201293|2013-11-11 20:21:33|Warning: Division by zero; /inc/main.php:210;
1384202850|2013-11-11 20:47:30|Warning: disk_free_space() [<a href='function.disk-free-space'>function.disk-free-space</a>]: open_basedir restriction in effect. File(/) is not within the allowed path(s): (/home/:/usr/lib/php:/tmp); /inc/main.php:210;
1384202850|2013-11-11 20:47:30|Warning: disk_total_space() [<a href='function.disk-total-space'>function.disk-total-space</a>]: open_basedir restriction in effect. File(/) is not within the allowed path(s): (/home/:/usr/lib/php:/tmp); /inc/main.php:210;
1384202850|2013-11-11 20:47:30|Warning: Division by zero; /inc/main.php:210;
1384202881|2013-11-11 20:48:01|Warning: disk_free_space() [<a href='function.disk-free-space'>function.disk-free-space</a>]: open_basedir restriction in effect. File(/) is not within the allowed path(s): (/home/:/usr/lib/php:/tmp); /inc/main.php:210;
1384202881|2013-11-11 20:48:01|Warning: disk_total_space() [<a href='function.disk-total-space'>function.disk-total-space</a>]: open_basedir restriction in effect. File(/) is not within the allowed path(s): (/home/:/usr/lib/php:/tmp); /inc/main.php:210;
1384202881|2013-11-11 20:48:01|Warning: Division by zero; /inc/main.php:210;
1384204653|2013-11-11 21:17:33|Warning: disk_free_space() [<a href='function.disk-free-space'>function.disk-free-space</a>]: open_basedir restriction in effect. File(/) is not within the allowed path(s): (/home/:/usr/lib/php:/tmp); /inc/main.php:210;
1384204653|2013-11-11 21:17:33|Warning: disk_total_space() [<a href='function.disk-total-space'>function.disk-total-space</a>]: open_basedir restriction in effect. File(/) is not within the allowed path(s): (/home/:/usr/lib/php:/tmp); /inc/main.php:210;
1384204653|2013-11-11 21:17:33|Warning: Division by zero; /inc/main.php:210;
1384204695|2013-11-11 21:18:15|Warning: date() expects parameter 2 to be long, string given; /inc/editusers.php:26;
